<?xml version="1.0" encoding="UTF-8"?>
<!-- Generated by org.testng.reporters.JUnitXMLReporter -->
<testsuite ignored="0" hostname="Athul_Sebastian" failures="1" tests="10" name="SmokeTests" time="110.056" errors="0" timestamp="2025-07-14T18:42:53 IST">
  <testcase classname="org.ats.ecom_testing.tests.LoginWithIncorrectCreds" name="loginWithIncorrectCredentials" time="8.227"/>
  <testcase classname="org.ats.ecom_testing.tests.LoginWithCorrectCreds" name="loginWithCorrectCredentials" time="15.745"/>
  <testcase classname="org.ats.ecom_testing.tests.AllProductsTest" name="allProductsTest" time="15.122"/>
  <testcase classname="org.ats.ecom_testing.tests.AddProductsToCartTest" name="addProductsToCartTest" time="27.679"/>
  <testcase classname="org.ats.ecom_testing.tests.ProductQuantityInCartTest" name="productQuantityTest" time="30.817"/>
  <testcase classname="org.ats.ecom_testing.tests.LogoutSuccessTest" name="logoutSuccessfully" time="14.045">
    <failure type="java.lang.AssertionError" message="Logged in Username not visible expected [true] but found [false]">
      <![CDATA[java.lang.AssertionError: Logged in Username not visible expected [true] but found [false]
at org.ats.ecom_testing.tests.LogoutSuccessTest.logoutSuccessfully(LogoutSuccessTest.java:27)
at java.base/java.util.concurrent.Executors$RunnableAdapter.call(Executors.java:577)
at java.base/java.util.concurrent.FutureTask.run(FutureTask.java:317)
at java.base/java.util.concurrent.ThreadPoolExecutor.runWorker(ThreadPoolExecutor.java:1144)
at java.base/java.util.concurrent.ThreadPoolExecutor$Worker.run(ThreadPoolExecutor.java:642)
at java.base/java.lang.Thread.run(Thread.java:1589)
... Removed 14 stack frames]]>
    </failure>
  </testcase> <!-- logoutSuccessfully -->
  <testcase classname="org.ats.ecom_testing.tests.RegisterUserTest" name="registerNewUserTest" time="65.632"/>
  <testcase classname="org.ats.ecom_testing.tests.SearchProductsTest" name="searchProductsTest" time="10.68"/>
  <testcase classname="org.ats.ecom_testing.tests.LoginAndCheckout" name="loginAndCheckoutTest" time="52.934"/>
  <testcase classname="org.ats.ecom_testing.tests.RegisterAndCheckoutTest" name="registerThenPlaceOrderTest" time="74.428"/>
</testsuite> <!-- SmokeTests -->
