{"uid":"a71ab62b95b0c35","name":"verifyCartAfterLogin","fullName":"org.ats.ecom_testing.tests.VerifyCartAfterLoginTest.verifyCartAfterLogin","historyId":"456d578fec1b9861ae1945160823fd29","time":{"start":1752498219366,"stop":1752498246342,"duration":26976},"description":"Test to check if the cart products are still present correctly after the user adds them to the cart, then returns to the cart after login.","descriptionHtml":"<p>Test to check if the cart products are still present correctly after the user adds them to the cart, then returns to the cart after login.</p>\n","status":"broken","statusMessage":"Expected condition failed: waiting for element to be clickable: By.xpath: (//div[@class='product-overlay']//a[contains(text(),'Add to cart')])[1] (tried for 10 second(s) with 500 milliseconds interval)\nBuild info: version: '4.34.0', revision: '707dcb4246*'\nSystem info: os.name: 'Windows 11', os.arch: 'amd64', os.version: '10.0', java.version: '19.0.2'\nDriver info: org.openqa.selenium.chrome.ChromeDriver\nCapabilities {acceptInsecureCerts: false, browserName: chrome, browserVersion: 138.0.7204.101, chrome: {chromedriverVersion: 138.0.7204.94 (545025748884..., userDataDir: C:\\Users\\athul\\AppData\\Loca...}, fedcm:accounts: true, goog:chromeOptions: {debuggerAddress: localhost:49726}, networkConnectionEnabled: false, pageLoadStrategy: normal, platformName: windows, proxy: Proxy(), se:cdp: ws://localhost:49726/devtoo..., se:cdpVersion: 138.0.7204.101, setWindowRect: true, strictFileInteractability: false, timeouts: {implicit: 0, pageLoad: 300000, script: 30000}, unhandledPromptBehavior: dismiss and notify, webauthn:extension:credBlob: true, webauthn:extension:largeBlob: true, webauthn:extension:minPinLength: true, webauthn:extension:prf: true, webauthn:virtualAuthenticators: true}\nSession ID: 28c074fe1db2ac2d8218f2ee1fa42272","statusTrace":"org.openqa.selenium.TimeoutException: Expected condition failed: waiting for element to be clickable: By.xpath: (//div[@class='product-overlay']//a[contains(text(),'Add to cart')])[1] (tried for 10 second(s) with 500 milliseconds interval)\nBuild info: version: '4.34.0', revision: '707dcb4246*'\nSystem info: os.name: 'Windows 11', os.arch: 'amd64', os.version: '10.0', java.version: '19.0.2'\nDriver info: org.openqa.selenium.chrome.ChromeDriver\nCapabilities {acceptInsecureCerts: false, browserName: chrome, browserVersion: 138.0.7204.101, chrome: {chromedriverVersion: 138.0.7204.94 (545025748884..., userDataDir: C:\\Users\\athul\\AppData\\Loca...}, fedcm:accounts: true, goog:chromeOptions: {debuggerAddress: localhost:49726}, networkConnectionEnabled: false, pageLoadStrategy: normal, platformName: windows, proxy: Proxy(), se:cdp: ws://localhost:49726/devtoo..., se:cdpVersion: 138.0.7204.101, setWindowRect: true, strictFileInteractability: false, timeouts: {implicit: 0, pageLoad: 300000, script: 30000}, unhandledPromptBehavior: dismiss and notify, webauthn:extension:credBlob: true, webauthn:extension:largeBlob: true, webauthn:extension:minPinLength: true, webauthn:extension:prf: true, webauthn:virtualAuthenticators: true}\nSession ID: 28c074fe1db2ac2d8218f2ee1fa42272\r\n\tat org.openqa.selenium.support.ui.WebDriverWait.timeoutException(WebDriverWait.java:84)\r\n\tat org.openqa.selenium.support.ui.FluentWait.until(FluentWait.java:228)\r\n\tat org.ats.ecom_testing.utils.WaitUtils.waitToBeClickable(WaitUtils.java:26)\r\n\tat org.ats.ecom_testing.pages.AllProductsPage.clickAddToCart(AllProductsPage.java:164)\r\n\tat org.ats.ecom_testing.tests.VerifyCartAfterLoginTest.verifyCartAfterLogin(VerifyCartAfterLoginTest.java:40)\r\n\tat java.base/jdk.internal.reflect.DirectMethodHandleAccessor.invoke(DirectMethodHandleAccessor.java:104)\r\n\tat java.base/java.lang.reflect.Method.invoke(Method.java:578)\r\n\tat org.testng.internal.invokers.MethodInvocationHelper.invokeMethod(MethodInvocationHelper.java:141)\r\n\tat org.testng.internal.invokers.TestInvoker.invokeMethod(TestInvoker.java:687)\r\n\tat org.testng.internal.invokers.TestInvoker.invokeTestMethod(TestInvoker.java:230)\r\n\tat org.testng.internal.invokers.MethodRunner.runInSequence(MethodRunner.java:63)\r\n\tat org.testng.internal.invokers.TestInvoker$MethodInvocationAgent.invoke(TestInvoker.java:995)\r\n\tat org.testng.internal.invokers.TestInvoker.invokeTestMethods(TestInvoker.java:203)\r\n\tat org.testng.internal.invokers.TestMethodWorker.invokeTestMethods(TestMethodWorker.java:154)\r\n\tat org.testng.internal.invokers.TestMethodWorker.run(TestMethodWorker.java:134)\r\n\tat java.base/java.util.concurrent.Executors$RunnableAdapter.call(Executors.java:577)\r\n\tat java.base/java.util.concurrent.FutureTask.run(FutureTask.java:317)\r\n\tat org.testng.internal.thread.graph.TestNGFutureTask.run(TestNGFutureTask.java:22)\r\n\tat java.base/java.util.concurrent.ThreadPoolExecutor.runWorker(ThreadPoolExecutor.java:1144)\r\n\tat java.base/java.util.concurrent.ThreadPoolExecutor$Worker.run(ThreadPoolExecutor.java:642)\r\n\tat java.base/java.lang.Thread.run(Thread.java:1589)\r\n","flaky":false,"newFailed":false,"newBroken":false,"newPassed":false,"retriesCount":0,"retriesStatusChange":false,"beforeStages":[{"name":"setUp","time":{"start":1752498208713,"stop":1752498219357,"duration":10644},"description":"","status":"passed","steps":[],"attachments":[],"parameters":[],"shouldDisplayMessage":false,"attachmentsCount":0,"hasContent":false,"attachmentStep":false,"stepsCount":0}],"testStage":{"description":"Test to check if the cart products are still present correctly after the user adds them to the cart, then returns to the cart after login.","status":"broken","statusMessage":"Expected condition failed: waiting for element to be clickable: By.xpath: (//div[@class='product-overlay']//a[contains(text(),'Add to cart')])[1] (tried for 10 second(s) with 500 milliseconds interval)\nBuild info: version: '4.34.0', revision: '707dcb4246*'\nSystem info: os.name: 'Windows 11', os.arch: 'amd64', os.version: '10.0', java.version: '19.0.2'\nDriver info: org.openqa.selenium.chrome.ChromeDriver\nCapabilities {acceptInsecureCerts: false, browserName: chrome, browserVersion: 138.0.7204.101, chrome: {chromedriverVersion: 138.0.7204.94 (545025748884..., userDataDir: C:\\Users\\athul\\AppData\\Loca...}, fedcm:accounts: true, goog:chromeOptions: {debuggerAddress: localhost:49726}, networkConnectionEnabled: false, pageLoadStrategy: normal, platformName: windows, proxy: Proxy(), se:cdp: ws://localhost:49726/devtoo..., se:cdpVersion: 138.0.7204.101, setWindowRect: true, strictFileInteractability: false, timeouts: {implicit: 0, pageLoad: 300000, script: 30000}, unhandledPromptBehavior: dismiss and notify, webauthn:extension:credBlob: true, webauthn:extension:largeBlob: true, webauthn:extension:minPinLength: true, webauthn:extension:prf: true, webauthn:virtualAuthenticators: true}\nSession ID: 28c074fe1db2ac2d8218f2ee1fa42272","statusTrace":"org.openqa.selenium.TimeoutException: Expected condition failed: waiting for element to be clickable: By.xpath: (//div[@class='product-overlay']//a[contains(text(),'Add to cart')])[1] (tried for 10 second(s) with 500 milliseconds interval)\nBuild info: version: '4.34.0', revision: '707dcb4246*'\nSystem info: os.name: 'Windows 11', os.arch: 'amd64', os.version: '10.0', java.version: '19.0.2'\nDriver info: org.openqa.selenium.chrome.ChromeDriver\nCapabilities {acceptInsecureCerts: false, browserName: chrome, browserVersion: 138.0.7204.101, chrome: {chromedriverVersion: 138.0.7204.94 (545025748884..., userDataDir: C:\\Users\\athul\\AppData\\Loca...}, fedcm:accounts: true, goog:chromeOptions: {debuggerAddress: localhost:49726}, networkConnectionEnabled: false, pageLoadStrategy: normal, platformName: windows, proxy: Proxy(), se:cdp: ws://localhost:49726/devtoo..., se:cdpVersion: 138.0.7204.101, setWindowRect: true, strictFileInteractability: false, timeouts: {implicit: 0, pageLoad: 300000, script: 30000}, unhandledPromptBehavior: dismiss and notify, webauthn:extension:credBlob: true, webauthn:extension:largeBlob: true, webauthn:extension:minPinLength: true, webauthn:extension:prf: true, webauthn:virtualAuthenticators: true}\nSession ID: 28c074fe1db2ac2d8218f2ee1fa42272\r\n\tat org.openqa.selenium.support.ui.WebDriverWait.timeoutException(WebDriverWait.java:84)\r\n\tat org.openqa.selenium.support.ui.FluentWait.until(FluentWait.java:228)\r\n\tat org.ats.ecom_testing.utils.WaitUtils.waitToBeClickable(WaitUtils.java:26)\r\n\tat org.ats.ecom_testing.pages.AllProductsPage.clickAddToCart(AllProductsPage.java:164)\r\n\tat org.ats.ecom_testing.tests.VerifyCartAfterLoginTest.verifyCartAfterLogin(VerifyCartAfterLoginTest.java:40)\r\n\tat java.base/jdk.internal.reflect.DirectMethodHandleAccessor.invoke(DirectMethodHandleAccessor.java:104)\r\n\tat java.base/java.lang.reflect.Method.invoke(Method.java:578)\r\n\tat org.testng.internal.invokers.MethodInvocationHelper.invokeMethod(MethodInvocationHelper.java:141)\r\n\tat org.testng.internal.invokers.TestInvoker.invokeMethod(TestInvoker.java:687)\r\n\tat org.testng.internal.invokers.TestInvoker.invokeTestMethod(TestInvoker.java:230)\r\n\tat org.testng.internal.invokers.MethodRunner.runInSequence(MethodRunner.java:63)\r\n\tat org.testng.internal.invokers.TestInvoker$MethodInvocationAgent.invoke(TestInvoker.java:995)\r\n\tat org.testng.internal.invokers.TestInvoker.invokeTestMethods(TestInvoker.java:203)\r\n\tat org.testng.internal.invokers.TestMethodWorker.invokeTestMethods(TestMethodWorker.java:154)\r\n\tat org.testng.internal.invokers.TestMethodWorker.run(TestMethodWorker.java:134)\r\n\tat java.base/java.util.concurrent.Executors$RunnableAdapter.call(Executors.java:577)\r\n\tat java.base/java.util.concurrent.FutureTask.run(FutureTask.java:317)\r\n\tat org.testng.internal.thread.graph.TestNGFutureTask.run(TestNGFutureTask.java:22)\r\n\tat java.base/java.util.concurrent.ThreadPoolExecutor.runWorker(ThreadPoolExecutor.java:1144)\r\n\tat java.base/java.util.concurrent.ThreadPoolExecutor$Worker.run(ThreadPoolExecutor.java:642)\r\n\tat java.base/java.lang.Thread.run(Thread.java:1589)\r\n","steps":[],"attachments":[{"uid":"14e8b475ea054996","name":"Screenshot","source":"14e8b475ea054996.png","type":"image/png","size":443332}],"parameters":[],"shouldDisplayMessage":true,"attachmentsCount":1,"hasContent":true,"attachmentStep":false,"stepsCount":0},"afterStages":[{"name":"tearDown","time":{"start":1752498246348,"stop":1752498246790,"duration":442},"description":"","status":"passed","steps":[],"attachments":[],"parameters":[],"shouldDisplayMessage":false,"attachmentsCount":0,"hasContent":false,"attachmentStep":false,"stepsCount":0}],"labels":[{"name":"package","value":"org.ats.ecom_testing.tests.VerifyCartAfterLoginTest"},{"name":"testClass","value":"org.ats.ecom_testing.tests.VerifyCartAfterLoginTest"},{"name":"testMethod","value":"verifyCartAfterLogin"},{"name":"parentSuite","value":"EcomTestSuite"},{"name":"suite","value":"cartTests"},{"name":"subSuite","value":"org.ats.ecom_testing.tests.VerifyCartAfterLoginTest"},{"name":"host","value":"Athul_Sebastian"},{"name":"thread","value":"1388@Athul_Sebastian.TestNG-test-cartTests-4(38)"},{"name":"framework","value":"testng"},{"name":"language","value":"java"},{"name":"severity","value":"normal"},{"name":"resultFormat","value":"allure2"}],"parameters":[{"name":"browser","value":"chrome"}],"links":[],"hidden":true,"retry":true,"extra":{"categories":[],"tags":[]},"source":"a71ab62b95b0c35.json","parameterValues":["chrome"]}